<?xml version="1.0" encoding="utf-8"?><testsuites><testsuite name="pytest" errors="0" failures="2" skipped="0" tests="31" time="0.164" timestamp="2026-06-09T21:21:49.626064+02:00" hostname="Carloss-MacBook-Pro.local"><testcase classname="tests.integration.test_products_api" name="test_list_products_empty" time="0.034" /><testcase classname="tests.integration.test_products_api" name="test_create_product" time="0.007" /><testcase classname="tests.integration.test_products_api" name="test_get_product_by_id" time="0.006" /><testcase classname="tests.integration.test_products_api" name="test_get_product_not_found" time="0.005" /><testcase classname="tests.integration.test_products_api" name="test_create_product_invalid_price" time="0.005" /><testcase classname="tests.integration.test_products_api" name="test_create_product_missing_name" time="0.003" /><testcase classname="tests.integration.test_products_api" name="test_list_products_after_inserts" time="0.006" /><testcase classname="tests.integration.test_users_api" name="test_list_users_empty" time="0.003" /><testcase classname="tests.integration.test_users_api" name="test_create_user" time="0.005" /><testcase classname="tests.integration.test_users_api" name="test_get_user_by_id" time="0.004" /><testcase classname="tests.integration.test_users_api" name="test_get_user_not_found" time="0.004" /><testcase classname="tests.integration.test_users_api" name="test_update_user" time="0.004" /><testcase classname="tests.integration.test_users_api" name="test_delete_user" time="0.005" /><testcase classname="tests.integration.test_users_api" name="test_create_user_missing_email" time="0.004"><failure message="assert 201 == 400&#10; +  where 201 = &lt;WrapperTestResponse streamed [201 CREATED]&gt;.status_code">client = &lt;FlaskClient &lt;Flask 'app.main'&gt;&gt;

    def test_create_user_missing_email(client):
        """POST /users/ with no email returns 400."""
        response = client.post("/users/", json={"name": "Eve"})
&gt;       assert response.status_code == 400
E       assert 201 == 400
E        +  where 201 = &lt;WrapperTestResponse streamed [201 CREATED]&gt;.status_code

tests/integration/test_users_api.py:93: AssertionError</failure></testcase><testcase classname="tests.integration.test_users_api" name="test_list_users_after_inserts" time="0.004" /><testcase classname="tests.unit.test_product_service" name="test_get_all_products_returns_list" time="0.002" /><testcase classname="tests.unit.test_product_service" name="test_get_all_products_empty" time="0.001" /><testcase classname="tests.unit.test_product_service" name="test_get_product_by_id_found" time="0.001" /><testcase classname="tests.unit.test_product_service" name="test_get_product_by_id_not_found" time="0.000" /><testcase classname="tests.unit.test_product_service" name="test_create_product_raises_on_blank_name" time="0.000" /><testcase classname="tests.unit.test_product_service" name="test_create_product_raises_on_invalid_price" time="0.000" /><testcase classname="tests.unit.test_product_service" name="test_create_product_raises_on_negative_price" time="0.000" /><testcase classname="tests.unit.test_product_service" name="test_delete_product_not_found" time="0.000" /><testcase classname="tests.unit.test_user_service" name="test_get_all_users_returns_list" time="0.001" /><testcase classname="tests.unit.test_user_service" name="test_get_all_users_empty" time="0.001" /><testcase classname="tests.unit.test_user_service" name="test_get_user_by_id_found" time="0.001" /><testcase classname="tests.unit.test_user_service" name="test_get_user_by_id_not_found" time="0.001" /><testcase classname="tests.unit.test_user_service" name="test_create_user_raises_on_blank_name" time="0.000" /><testcase classname="tests.unit.test_user_service" name="test_create_user_raises_on_blank_email" time="0.001"><failure message="Failed: DID NOT RAISE &lt;class 'ValueError'&gt;">mock_get_db = &lt;MagicMock name='get_db' id='4423492208'&gt;

    @patch("app.services.user_service.get_db")
    def test_create_user_raises_on_blank_email(mock_get_db):
        """create_user raises ValueError when email is blank."""
        from app.services.user_service import create_user
&gt;       with pytest.raises(ValueError, match="email is required"):
E       Failed: DID NOT RAISE &lt;class 'ValueError'&gt;

tests/unit/test_user_service.py:93: Failed</failure></testcase><testcase classname="tests.unit.test_user_service" name="test_delete_user_not_found" time="0.001" /><testcase classname="tests.unit.test_user_service" name="test_delete_user_existing" time="0.001" /></testsuite></testsuites>